Drill report for CurrentSensorV1.kicad_pcb
Created on Wed May 19 20:40:34 2021

Copper Layer Stackup:
    =============================================================
    L1 :  F.Cu                      front
    L2 :  B.Cu                      back


Drill file 'CurrentSensorV1.drl' contains
    plated through holes:
    =============================================================
    T1  0.400mm  0.0157"  (6 holes)
    T2  1.000mm  0.0394"  (12 holes)
    T3  1.016mm  0.0400"  (8 holes)
    T4  1.200mm  0.0472"  (10 holes)
    T5  2.500mm  0.0984"  (4 holes)

    Total plated holes count 40


Not plated through holes are merged with plated holes
    unplated through holes:
    =============================================================
    T6  0.600mm  0.0236"  (2 holes)

    Total unplated holes count 2
