Drill report for CurrentSensorV1.kicad_pcb
Created on Mon Mar  1 10:48:13 2021

Copper Layer Stackup:
    =============================================================
    L1 :  F.Cu                      front
    L2 :  B.Cu                      back


Drill file 'CurrentSensorV1.drl' contains
    plated through holes:
    =============================================================
    T1  0.40mm  0.016"  (10 holes)
    T2  0.60mm  0.024"  (2 holes)  (with 2 slots)
    T3  0.65mm  0.026"  (2 holes)  (with 2 slots)
    T4  1.00mm  0.039"  (13 holes)
    T5  1.02mm  0.040"  (8 holes)
    T6  1.20mm  0.047"  (10 holes)

    Total plated holes count 45


Not plated through holes are merged with plated holes
    unplated through holes:
    =============================================================

    Total unplated holes count 0
